<?xml version="1.0" encoding="UTF-8"?>
<testsuite name="com.learning.jenkins.AppTest" tests="1" skipped="0" failures="0" errors="0" timestamp="2021-12-21T18:41:09" hostname="IT-USA-VX1998" time="0.002">
  <properties/>
  <testcase name="appHasAGreeting()" classname="com.learning.jenkins.AppTest" time="0.002"/>
  <system-out><![CDATA[]]></system-out>
  <system-err><![CDATA[]]></system-err>
</testsuite>
